2020-12-20 16:24:08.171  INFO 13672 --- [main] c.muxin.project.ProjectStartApplication  : No active profile set, falling back to default profiles: default
2020-12-20 16:24:10.301  INFO 13672 --- [main] .s.d.r.c.RepositoryConfigurationDelegate : Multiple Spring Data modules found, entering strict repository configuration mode!
2020-12-20 16:24:10.357  INFO 13672 --- [main] .s.d.r.c.RepositoryConfigurationDelegate : Bootstrapping Spring Data Redis repositories in DEFAULT mode.
2020-12-20 16:24:10.583  INFO 13672 --- [main] .s.d.r.c.RepositoryConfigurationDelegate : Finished Spring Data repository scanning in 62ms. Found 0 Redis repository interfaces.
2020-12-20 16:24:11.196  INFO 13672 --- [main] o.s.cloud.context.scope.GenericScope     : BeanFactory id=714e54d8-478a-3710-b40b-d36d67560552
2020-12-20 16:24:11.338  INFO 13672 --- [main] trationDelegate$BeanPostProcessorChecker : Bean 'org.springframework.transaction.annotation.ProxyTransactionManagementConfiguration' of type [org.springframework.transaction.annotation.ProxyTransactionManagementConfiguration] is not eligible for getting processed by all BeanPostProcessors (for example: not eligible for auto-proxying)
2020-12-20 16:24:11.402  INFO 13672 --- [main] trationDelegate$BeanPostProcessorChecker : Bean 'org.springframework.cloud.autoconfigure.ConfigurationPropertiesRebinderAutoConfiguration' of type [org.springframework.cloud.autoconfigure.ConfigurationPropertiesRebinderAutoConfiguration] is not eligible for getting processed by all BeanPostProcessors (for example: not eligible for auto-proxying)
2020-12-20 16:24:11.752  INFO 13672 --- [main] o.s.b.w.embedded.tomcat.TomcatWebServer  : Tomcat initialized with port(s): 8000 (http)
2020-12-20 16:24:11.763  INFO 13672 --- [main] o.apache.catalina.core.StandardService   : Starting service [Tomcat]
2020-12-20 16:24:11.764  INFO 13672 --- [main] org.apache.catalina.core.StandardEngine  : Starting Servlet engine: [Apache Tomcat/9.0.29]
2020-12-20 16:24:11.766  INFO 13672 --- [main] o.a.catalina.core.AprLifecycleListener   : Loaded APR based Apache Tomcat Native library [1.2.23] using APR version [1.7.0].
2020-12-20 16:24:11.766  INFO 13672 --- [main] o.a.catalina.core.AprLifecycleListener   : APR capabilities: IPv6 [true], sendfile [true], accept filters [false], random [true].
2020-12-20 16:24:11.766  INFO 13672 --- [main] o.a.catalina.core.AprLifecycleListener   : APR/OpenSSL configuration: useAprConnector [false], useOpenSSL [true]
2020-12-20 16:24:11.771  INFO 13672 --- [main] o.a.catalina.core.AprLifecycleListener   : OpenSSL successfully initialized [OpenSSL 1.1.1c  28 May 2019]
2020-12-20 16:24:11.953  INFO 13672 --- [main] o.a.c.c.C.[Tomcat].[localhost].[/]       : Initializing Spring embedded WebApplicationContext
2020-12-20 16:24:11.953  INFO 13672 --- [main] o.s.web.context.ContextLoader            : Root WebApplicationContext: initialization completed in 3743 ms
2020-12-20 16:24:15.336  INFO 13672 --- [main] pertySourcedRequestMappingHandlerMapping : Mapped URL path [/v2/api-docs] onto method [springfox.documentation.swagger2.web.Swagger2Controller#getDocumentation(String, HttpServletRequest)]
2020-12-20 16:24:15.358  WARN 13672 --- [main] c.n.c.sources.URLConfigurationSource     : No URLs will be polled as dynamic configuration sources.
2020-12-20 16:24:15.358  INFO 13672 --- [main] c.n.c.sources.URLConfigurationSource     : To enable URLs as dynamic configuration sources, define System property archaius.configurationSource.additionalUrls or make config.properties available on classpath.
2020-12-20 16:24:15.363  WARN 13672 --- [main] c.n.c.sources.URLConfigurationSource     : No URLs will be polled as dynamic configuration sources.
2020-12-20 16:24:15.363  INFO 13672 --- [main] c.n.c.sources.URLConfigurationSource     : To enable URLs as dynamic configuration sources, define System property archaius.configurationSource.additionalUrls or make config.properties available on classpath.
2020-12-20 16:24:15.548  INFO 13672 --- [main] o.s.s.concurrent.ThreadPoolTaskExecutor  : Initializing ExecutorService 'applicationTaskExecutor'
2020-12-20 16:24:17.601  WARN 13672 --- [main] ockingLoadBalancerClientRibbonWarnLogger : You already have RibbonLoadBalancerClient on your classpath. It will be used by default. As Spring Cloud Ribbon is in maintenance mode. We recommend switching to BlockingLoadBalancerClient instead. In order to use it, set the value of `spring.cloud.loadbalancer.ribbon.enabled` to `false` or remove spring-cloud-starter-netflix-ribbon from your project.
2020-12-20 16:24:17.636  WARN 13672 --- [main] iguration$LoadBalancerCaffeineWarnLogger : Spring Cloud LoadBalancer is currently working with default default cache. You can switch to using Caffeine cache, by adding it to the classpath.
2020-12-20 16:24:17.671  INFO 13672 --- [main] o.s.c.n.eureka.InstanceInfoFactory       : Setting initial instance status as: STARTING
2020-12-20 16:24:17.729  INFO 13672 --- [main] com.netflix.discovery.DiscoveryClient    : Initializing Eureka in region us-east-1
2020-12-20 16:24:18.736  INFO 13672 --- [main] c.n.d.provider.DiscoveryJerseyProvider   : Using JSON encoding codec LegacyJacksonJson
2020-12-20 16:24:18.737  INFO 13672 --- [main] c.n.d.provider.DiscoveryJerseyProvider   : Using JSON decoding codec LegacyJacksonJson
2020-12-20 16:24:18.857  INFO 13672 --- [main] c.n.d.provider.DiscoveryJerseyProvider   : Using XML encoding codec XStreamXml
2020-12-20 16:24:18.857  INFO 13672 --- [main] c.n.d.provider.DiscoveryJerseyProvider   : Using XML decoding codec XStreamXml
2020-12-20 16:24:19.309  INFO 13672 --- [main] c.n.d.s.r.aws.ConfigClusterResolver      : Resolving eureka endpoints via configuration
2020-12-20 16:24:19.684  INFO 13672 --- [main] com.netflix.discovery.DiscoveryClient    : Disable delta property : false
2020-12-20 16:24:19.685  INFO 13672 --- [main] com.netflix.discovery.DiscoveryClient    : Single vip registry refresh property : null
2020-12-20 16:24:19.685  INFO 13672 --- [main] com.netflix.discovery.DiscoveryClient    : Force full registry fetch : false
2020-12-20 16:24:19.685  INFO 13672 --- [main] com.netflix.discovery.DiscoveryClient    : Application is null : false
2020-12-20 16:24:19.685  INFO 13672 --- [main] com.netflix.discovery.DiscoveryClient    : Registered Applications size is zero : true
2020-12-20 16:24:19.685  INFO 13672 --- [main] com.netflix.discovery.DiscoveryClient    : Application version is -1: true
2020-12-20 16:24:19.685  INFO 13672 --- [main] com.netflix.discovery.DiscoveryClient    : Getting all instance registry info from the eureka server
2020-12-20 16:24:20.180  INFO 13672 --- [main] com.netflix.discovery.DiscoveryClient    : The response status is 200
2020-12-20 16:24:20.181  INFO 13672 --- [main] com.netflix.discovery.DiscoveryClient    : Starting heartbeat executor: renew interval is: 30
2020-12-20 16:24:20.183  INFO 13672 --- [main] c.n.discovery.InstanceInfoReplicator     : InstanceInfoReplicator onDemand update allowed rate per min is 4
2020-12-20 16:24:20.187  INFO 13672 --- [main] com.netflix.discovery.DiscoveryClient    : Discovery Client initialized at timestamp 1608452660186 with initial instances count: 0
2020-12-20 16:24:20.189  INFO 13672 --- [main] o.s.c.n.e.s.EurekaServiceRegistry        : Registering application SCW-PROJECT with eureka with status UP
2020-12-20 16:24:20.190  INFO 13672 --- [main] com.netflix.discovery.DiscoveryClient    : Saw local status change event StatusChangeEvent [timestamp=1608452660190, current=UP, previous=STARTING]
2020-12-20 16:24:20.193  INFO 13672 --- [main] d.s.w.p.DocumentationPluginsBootstrapper : Context refreshed
2020-12-20 16:24:20.193  INFO 13672 --- [DiscoveryClient-InstanceInfoReplicator-0] com.netflix.discovery.DiscoveryClient    : DiscoveryClient_SCW-PROJECT/DESKTOP-GV1RANA:SCW-PROJECT:8000: registering service...
2020-12-20 16:24:20.266  INFO 13672 --- [main] d.s.w.p.DocumentationPluginsBootstrapper : Found 1 custom documentation plugin(s)
2020-12-20 16:24:20.320  INFO 13672 --- [main] s.d.s.w.s.ApiListingReferenceScanner     : Scanning for api listing references
2020-12-20 16:24:20.359  INFO 13672 --- [DiscoveryClient-InstanceInfoReplicator-0] com.netflix.discovery.DiscoveryClient    : DiscoveryClient_SCW-PROJECT/DESKTOP-GV1RANA:SCW-PROJECT:8000 - registration status: 204
2020-12-20 16:24:20.610  INFO 13672 --- [main] o.s.b.w.embedded.tomcat.TomcatWebServer  : Tomcat started on port(s): 8000 (http) with context path ''
2020-12-20 16:24:20.611  INFO 13672 --- [main] .s.c.n.e.s.EurekaAutoServiceRegistration : Updating port to 8000
2020-12-20 16:24:21.095  INFO 13672 --- [main] c.muxin.project.ProjectStartApplication  : Started ProjectStartApplication in 15.948 seconds (JVM running for 17.241)
2020-12-20 16:24:50.182  INFO 13672 --- [DiscoveryClient-CacheRefreshExecutor-0] com.netflix.discovery.DiscoveryClient    : Disable delta property : false
2020-12-20 16:24:50.182  INFO 13672 --- [DiscoveryClient-CacheRefreshExecutor-0] com.netflix.discovery.DiscoveryClient    : Single vip registry refresh property : null
2020-12-20 16:24:50.182  INFO 13672 --- [DiscoveryClient-CacheRefreshExecutor-0] com.netflix.discovery.DiscoveryClient    : Force full registry fetch : false
2020-12-20 16:24:50.183  INFO 13672 --- [DiscoveryClient-CacheRefreshExecutor-0] com.netflix.discovery.DiscoveryClient    : Application is null : false
2020-12-20 16:24:50.183  INFO 13672 --- [DiscoveryClient-CacheRefreshExecutor-0] com.netflix.discovery.DiscoveryClient    : Registered Applications size is zero : true
2020-12-20 16:24:50.183  INFO 13672 --- [DiscoveryClient-CacheRefreshExecutor-0] com.netflix.discovery.DiscoveryClient    : Application version is -1: false
2020-12-20 16:24:50.183  INFO 13672 --- [DiscoveryClient-CacheRefreshExecutor-0] com.netflix.discovery.DiscoveryClient    : Getting all instance registry info from the eureka server
2020-12-20 16:24:50.255  INFO 13672 --- [DiscoveryClient-CacheRefreshExecutor-0] com.netflix.discovery.DiscoveryClient    : The response status is 200
2020-12-20 16:25:28.026  INFO 13672 --- [http-nio-8000-exec-1] o.a.c.c.C.[Tomcat].[localhost].[/]       : Initializing Spring DispatcherServlet 'dispatcherServlet'
2020-12-20 16:25:28.027  INFO 13672 --- [http-nio-8000-exec-1] o.s.web.servlet.DispatcherServlet        : Initializing Servlet 'dispatcherServlet'
2020-12-20 16:25:28.043  INFO 13672 --- [http-nio-8000-exec-1] o.s.web.servlet.DispatcherServlet        : Completed initialization in 16 ms
2020-12-20 16:29:19.687  INFO 13672 --- [AsyncResolver-bootstrap-executor-0] c.n.d.s.r.aws.ConfigClusterResolver      : Resolving eureka endpoints via configuration
2020-12-20 16:34:19.690  INFO 13672 --- [AsyncResolver-bootstrap-executor-0] c.n.d.s.r.aws.ConfigClusterResolver      : Resolving eureka endpoints via configuration
2020-12-20 16:39:19.692  INFO 13672 --- [AsyncResolver-bootstrap-executor-0] c.n.d.s.r.aws.ConfigClusterResolver      : Resolving eureka endpoints via configuration
2020-12-20 16:44:19.693  INFO 13672 --- [AsyncResolver-bootstrap-executor-0] c.n.d.s.r.aws.ConfigClusterResolver      : Resolving eureka endpoints via configuration
2020-12-20 16:49:19.694  INFO 13672 --- [AsyncResolver-bootstrap-executor-0] c.n.d.s.r.aws.ConfigClusterResolver      : Resolving eureka endpoints via configuration
2020-12-20 16:54:19.695  INFO 13672 --- [AsyncResolver-bootstrap-executor-0] c.n.d.s.r.aws.ConfigClusterResolver      : Resolving eureka endpoints via configuration
2020-12-20 16:59:19.696  INFO 13672 --- [AsyncResolver-bootstrap-executor-0] c.n.d.s.r.aws.ConfigClusterResolver      : Resolving eureka endpoints via configuration
2020-12-20 17:04:19.698  INFO 13672 --- [AsyncResolver-bootstrap-executor-0] c.n.d.s.r.aws.ConfigClusterResolver      : Resolving eureka endpoints via configuration
2020-12-20 17:09:19.699  INFO 13672 --- [AsyncResolver-bootstrap-executor-0] c.n.d.s.r.aws.ConfigClusterResolver      : Resolving eureka endpoints via configuration
2020-12-20 17:14:19.700  INFO 13672 --- [AsyncResolver-bootstrap-executor-0] c.n.d.s.r.aws.ConfigClusterResolver      : Resolving eureka endpoints via configuration
2020-12-20 17:19:19.702  INFO 13672 --- [AsyncResolver-bootstrap-executor-0] c.n.d.s.r.aws.ConfigClusterResolver      : Resolving eureka endpoints via configuration
2020-12-20 17:24:19.703  INFO 13672 --- [AsyncResolver-bootstrap-executor-0] c.n.d.s.r.aws.ConfigClusterResolver      : Resolving eureka endpoints via configuration
2020-12-20 17:29:19.705  INFO 13672 --- [AsyncResolver-bootstrap-executor-0] c.n.d.s.r.aws.ConfigClusterResolver      : Resolving eureka endpoints via configuration
2020-12-20 17:34:19.706  INFO 13672 --- [AsyncResolver-bootstrap-executor-0] c.n.d.s.r.aws.ConfigClusterResolver      : Resolving eureka endpoints via configuration
2020-12-20 17:39:19.708  INFO 13672 --- [AsyncResolver-bootstrap-executor-0] c.n.d.s.r.aws.ConfigClusterResolver      : Resolving eureka endpoints via configuration
2020-12-20 17:44:19.710  INFO 13672 --- [AsyncResolver-bootstrap-executor-0] c.n.d.s.r.aws.ConfigClusterResolver      : Resolving eureka endpoints via configuration
2020-12-20 17:49:19.712  INFO 13672 --- [AsyncResolver-bootstrap-executor-0] c.n.d.s.r.aws.ConfigClusterResolver      : Resolving eureka endpoints via configuration
2020-12-20 17:54:19.714  INFO 13672 --- [AsyncResolver-bootstrap-executor-0] c.n.d.s.r.aws.ConfigClusterResolver      : Resolving eureka endpoints via configuration
2020-12-20 17:56:33.086  INFO 13672 --- [http-nio-8000-exec-1] com.alibaba.druid.pool.DruidDataSource   : {dataSource-1} inited
2020-12-20 17:56:33.230 DEBUG 13672 --- [http-nio-8000-exec-1] c.m.p.m.TReturnMapper.selectByExample    : ==>  Preparing: select 'true' as QUERYID, id, projectid, type, supportmoney, content, count, signalpurchase, purchase, freight, invoice, rtndate from t_return WHERE ( projectid = ? ) 
2020-12-20 17:56:33.263 DEBUG 13672 --- [http-nio-8000-exec-1] c.m.p.m.TReturnMapper.selectByExample    : ==> Parameters: 7(Integer)
2020-12-20 17:56:33.293 DEBUG 13672 --- [http-nio-8000-exec-1] c.m.p.m.TReturnMapper.selectByExample    : <==      Total: 1
2020-12-20 17:59:19.716  INFO 13672 --- [AsyncResolver-bootstrap-executor-0] c.n.d.s.r.aws.ConfigClusterResolver      : Resolving eureka endpoints via configuration
2020-12-20 18:00:51.132 DEBUG 13672 --- [http-nio-8000-exec-3] c.m.p.m.TReturnMapper.selectByExample    : ==>  Preparing: select 'true' as QUERYID, id, projectid, type, supportmoney, content, count, signalpurchase, purchase, freight, invoice, rtndate from t_return WHERE ( projectid = ? ) 
2020-12-20 18:00:51.132 DEBUG 13672 --- [http-nio-8000-exec-3] c.m.p.m.TReturnMapper.selectByExample    : ==> Parameters: 7(Integer)
2020-12-20 18:00:51.134 DEBUG 13672 --- [http-nio-8000-exec-3] c.m.p.m.TReturnMapper.selectByExample    : <==      Total: 1
2020-12-20 18:04:19.718  INFO 13672 --- [AsyncResolver-bootstrap-executor-0] c.n.d.s.r.aws.ConfigClusterResolver      : Resolving eureka endpoints via configuration
2020-12-20 18:09:19.720  INFO 13672 --- [AsyncResolver-bootstrap-executor-0] c.n.d.s.r.aws.ConfigClusterResolver      : Resolving eureka endpoints via configuration
2020-12-20 18:14:19.722  INFO 13672 --- [AsyncResolver-bootstrap-executor-0] c.n.d.s.r.aws.ConfigClusterResolver      : Resolving eureka endpoints via configuration
